0 info it worked if it ends with ok
1 verbose cli [ 'C:\\Program Files\\nodejs\\node.exe',
1 verbose cli   'C:\\Program Files\\nodejs\\node_modules\\npm\\bin\\npm-cli.js',
1 verbose cli   'start' ]
2 info using npm@2.14.12
3 info using node@v4.2.6
4 verbose run-script [ 'prestart', 'start', 'poststart' ]
5 info prestart shNews@0.0.0
6 info start shNews@0.0.0
7 verbose unsafe-perm in lifecycle true
8 info shNews@0.0.0 Failed to exec start script
<<<<<<< .merge_file_a11664
9 verbose stack Error: shNews@0.0.0 start: `node ./bin/www`
9 verbose stack Exit status 1
9 verbose stack     at EventEmitter.<anonymous> (C:\Program Files\nodejs\node_modules\npm\lib\utils\lifecycle.js:214:16)
9 verbose stack     at emitTwo (events.js:87:13)
9 verbose stack     at EventEmitter.emit (events.js:172:7)
9 verbose stack     at ChildProcess.<anonymous> (C:\Program Files\nodejs\node_modules\npm\lib\utils\spawn.js:24:14)
9 verbose stack     at emitTwo (events.js:87:13)
9 verbose stack     at ChildProcess.emit (events.js:172:7)
9 verbose stack     at maybeClose (internal/child_process.js:821:16)
9 verbose stack     at Process.ChildProcess._handle.onexit (internal/child_process.js:211:5)
10 verbose pkgid shNews@0.0.0
11 verbose cwd C:\Users\Justin\Documents\GitHub\Geo-News
12 error Windows_NT 10.0.10586
13 error argv "C:\\Program Files\\nodejs\\node.exe" "C:\\Program Files\\nodejs\\node_modules\\npm\\bin\\npm-cli.js" "start"
14 error node v4.2.6
15 error npm  v2.14.12
=======
9 error shNews@0.0.0 start: `node ./bin/www`
9 error Exit status 8
10 error Failed at the shNews@0.0.0 start script.
10 error This is most likely a problem with the shNews package,
10 error not with npm itself.
10 error Tell the author that this fails on your system:
10 error     node ./bin/www
10 error You can get their info via:
10 error     npm owner ls shNews
10 error There is likely additional logging output above.
11 error System Linux 4.2.0-c9
12 error command "/home/ubuntu/.nvm/v0.10.35/bin/node" "/home/ubuntu/.nvm/v0.10.35/bin/npm" "start"
13 error cwd /home/ubuntu/workspace/shNews
14 error node -v v0.10.35
15 error npm -v 1.4.28
>>>>>>> .merge_file_a05792
16 error code ELIFECYCLE
17 error shNews@0.0.0 start: `node ./bin/www`
17 error Exit status 1
18 error Failed at the shNews@0.0.0 start script 'node ./bin/www'.
18 error This is most likely a problem with the shNews package,
18 error not with npm itself.
18 error Tell the author that this fails on your system:
18 error     node ./bin/www
18 error You can get their info via:
18 error     npm owner ls shNews
18 error There is likely additional logging output above.
19 verbose exit [ 1, true ]
